<?xml version="1.0" encoding="UTF-8"?>
<!-- Generated by org.testng.reporters.JUnitXMLReporter -->
<testsuite ignored="0" hostname="Sudhakar" failures="1" tests="3" name="edgeTest" time="34.705" errors="0" timestamp="2024-12-16T16:01:58 IST">
  <testcase classname="Day45.paramtest" name="testlogo" time="3.09">
    <failure type="java.lang.AssertionError" message="expected [true] but found [false]">
      <![CDATA[java.lang.AssertionError: expected [true] but found [false]
at Day45.paramtest.testlogo(paramtest.java:42)
at java.base/java.util.ArrayList.forEach(ArrayList.java:1597)
at java.base/java.util.concurrent.FutureTask.run(FutureTask.java:317)
at java.base/java.util.concurrent.ThreadPoolExecutor.runWorker(ThreadPoolExecutor.java:1144)
at java.base/java.util.concurrent.ThreadPoolExecutor$Worker.run(ThreadPoolExecutor.java:642)
at java.base/java.lang.Thread.run(Thread.java:1570)
... Removed 22 stack frames]]>
    </failure>
  </testcase> <!-- testlogo -->
  <testcase classname="Day45.paramtest" name="testtitle" time="0.041"/>
  <testcase classname="Day45.paramtest" name="testURL" time="0.019"/>
</testsuite> <!-- edgeTest -->
