<?xml version="1.0" encoding="UTF-8"?>
<!-- Generated by org.testng.reporters.JUnitXMLReporter -->
<testsuite ignored="0" hostname="Sudhakar" failures="1" tests="3" name="Test" time="10.647" errors="0" timestamp="2024-12-30T11:44:08 IST">
  <testcase classname="Day46.orangehrm" name="testlogo" time="3.072"/>
  <testcase classname="Day46.orangehrm" name="testURL" time="0.03">
    <failure type="java.lang.AssertionError" message="expected [https://opensource-demorangehrmlive.com/web/index.php/auth/login] but found [https://opensource-demo.orangehrmlive.com/web/index.php/auth/login]">
      <![CDATA[java.lang.AssertionError: expected [https://opensource-demorangehrmlive.com/web/index.php/auth/login] but found [https://opensource-demo.orangehrmlive.com/web/index.php/auth/login]
at Day46.orangehrm.testURL(orangehrm.java:41)
at java.base/java.util.ArrayList.forEach(ArrayList.java:1597)
... Removed 31 stack frames]]>
    </failure>
  </testcase> <!-- testURL -->
  <testcase classname="Day46.orangehrm" name="testtitle" time="0.0">
    <skipped/>
  </testcase> <!-- testtitle -->
</testsuite> <!-- Test -->
